<?xml version="1.0" encoding="UTF-8"?>
<!-- Generated by org.testng.reporters.JUnitReportReporter -->
<testsuite hostname="DESKTOP-AFHMIO9" failures="0" tests="1" name="test.day2" time="0.002" errors="0" timestamp="2024-01-09T10:31:56 IST" skipped="0">
  <testcase classname="test.day2" name="ploan" time="0.002"/>
</testsuite> <!-- test.day2 -->
